********************************************************************************
DUPLICATOR-LITE PACKAGE-LOG: November 3, 2022 7:58 am
NOTICE: Do NOT post to public sites or forums 
********************************************************************************
VERSION:	1.5.0
WORDPRESS:	6.0.3
PHP INFO:	8.1.2 | SAPI: apache2handler
SERVER:		Apache/2.4.52 (Win64) OpenSSL/1.1.1m PHP/8.1.2 
PHP TIME LIMIT: (0) no time limit imposed 
PHP MAX MEMORY: 4294967296 (512M default) 
MEMORY STACK: 38MB

********************************************************************************
DATABASE:
********************************************************************************
BUILD MODE:   MYSQLDUMP
MYSQLTIMEOUT: 5000
MYSQLDUMP:    Is Supported
SQL CREATED: 20221103_aurigait_876219d51e5863199222_20221103075806_database.sql
SQL FILE SIZE: 1.3MB (1362546)
SQL FILE TIME: 2022-11-03 07:58:21
SQL RUNTIME: 3.50 sec.

********************************************************************************
ARCHIVE (ZIP):
********************************************************************************
ARCHIVE DIR:  C:/xampp/htdocs/AurigaCus
ARCHIVE FILE: 20221103_aurigait_876219d51e5863199222_20221103075806_archive.zip
FILTERS: *OFF*
DIRS:
	not set
FILES:
	not set
EXTS:  not set
----------------------------------------
COMPRESSING
SIZE:	113.3MB
STATS:	Dirs 858 | Files 7,987
SQL ADDED: 20221103_aurigait_876219d51e5863199222_20221103075806_database.sql
ZipArchive Object
(
    [lastId] => 8844
    [status] => 0
    [statusSys] => 0
    [numFiles] => 8845
    [filename] => C:\xampp\htdocs\AurigaCus\wp-content\backups-dup-lite\tmp\20221103_aurigait_876219d51e5863199222_20221103075806_archive.zip
    [comment] => 
)

FILE ADDED TO ZIP: 8844
COMPRESSION RESULT: '1'
COMPRESSED SIZE: 60.62MB
ARCHIVE RUNTIME: 75.10 sec.
MEMORY STACK: 40MB
building installer
ARCHIVE CONSISTENCY TEST: PASS

********************************************************************************
INTEGRITY CHECKS:
********************************************************************************
SQL FILE: 1.3MB
INSTALLER FILE: 73.35KB
ARCHIVE FILE: 62.64MB 
EXPECTED FILE/DIRECTORY COUNT: 8,845
ACTUAL FILE/DIRECTORY COUNT: 8,844
ARCHIVE CONSISTENCY TEST: Pass

********************************************************************************
RECORD ID:[1]
TOTAL PROCESS RUNTIME: 80.87 sec.
PEAK PHP MEMORY USED: 42MB
DONE PROCESSING => 20221103_aurigait November 3, 2022 7:59 am

